[1m[32m------------- Loading libraries[0m
> Done!

[1m[31m------------- Start of the review of ex. 10: 2022-03-08 10:22:16
[0m
[1m[35m[Training started][0m
[1m[34m[Loading and transforming training data][0m
> Resulting dimension of loaded data: 13000 x 32
> Here are first two lines in the training:

tensor([ 0,  1,  2,  3,  4,  5,  6,  7,  8,  9, 10, 11, 12, 13, 14, 15, 16, 16,
        16, 16, 16, 16, 16, 16, 16, 16, 16, 16, 16, 16, 16, 16])

tensor([17, 18, 19,  7, 20, 21,  7, 22, 10, 23, 24, 25, 26, 27,  7, 28, 29, 30,
        15, 16, 16, 16, 16, 16, 16, 16, 16, 16, 16, 16, 16, 16])


> Here are first two lines in the labels:

tensor(0)

tensor(0)


[1m[34m[Preparing model][0m
> Done!

[1m[34m[Learning optimal parameters][0m
>> Epoch 1
[1,    50] loss: 1.245
[1,   100] loss: 1.172
[1,   150] loss: 1.140
[1,   200] loss: 1.104
>> Epoch 2
[2,    50] loss: 1.085
[2,   100] loss: 1.009
[2,   150] loss: 0.959
[2,   200] loss: 0.927
>> Epoch 3
[3,    50] loss: 0.882
[3,   100] loss: 0.885
[3,   150] loss: 0.868
[3,   200] loss: 0.866
>> Epoch 4
[4,    50] loss: 0.839
[4,   100] loss: 0.847
[4,   150] loss: 0.855
[4,   200] loss: 0.854
>> Epoch 5
[5,    50] loss: 0.842
[5,   100] loss: 0.847
[5,   150] loss: 0.837
[5,   200] loss: 0.836
> Training Accuracy: 0.9134615659713745
> Done!

[1m[35m[Evaluation on dev set started][0m
[1m[34m[Loading and transforming dev data][0m
> Resulting dimension of loaded data: 1000 x 32
> Here are first two lines in the training:

tensor([  352,   353,    16,   161,   255,    70, 15617,     3,    15,    16,
           16,    16,    16,    16,    16,    16,    16,    16,    16,    16,
           16,    16,    16,    16,    16,    16,    16,    16,    16,    16,
           16,    16])

tensor([  249,    10,   170,     7,    60, 19269, 13333,    62,  3890,   441,
         3247,     7,  5013,    16,    16,  6232,    16,    16,    16,    16,
           16,    16,    16,    16,    16,    16,    16,    16,    16,    16,
           16,    16])


> Here are first two lines in the labels:

tensor(0)

tensor(2)


[1m[34m[Making predictions][0m
> Dev Accuracy: 0.8820000290870667

[1m[31m------------- End of exercise 10[0m
